[22-Jun-2025 06:25:20 Europe/Berlin] Aplicación iniciando - 2025-06-22 06:25:20
[21-Jun-2025 22:25:20 America/Mexico_City] Ruta solicitada: /roles
[21-Jun-2025 22:25:20 America/Mexico_City] Controlador: roles, Acción: index
[21-Jun-2025 22:25:20 America/Mexico_City] Conexión a la base de datos establecida correctamente
[2025-06-21 22:25:20] Layout: content="LLENO", ruta="/proyecto-2/roles", usuario="AUTENTICADO
[22-Jun-2025 06:25:21 Europe/Berlin] Aplicación iniciando - 2025-06-22 06:25:21
[21-Jun-2025 22:25:21 America/Mexico_City] Ruta solicitada: /roles/listar
[21-Jun-2025 22:25:21 America/Mexico_City] Controlador: roles, Acción: listar
[21-Jun-2025 22:25:21 America/Mexico_City] Conexión a la base de datos establecida correctamente
[22-Jun-2025 06:25:24 Europe/Berlin] Aplicación iniciando - 2025-06-22 06:25:24
[21-Jun-2025 22:25:24 America/Mexico_City] Ruta solicitada: /roles/crear
[21-Jun-2025 22:25:24 America/Mexico_City] Controlador: roles, Acción: crear
[21-Jun-2025 22:25:24 America/Mexico_City] Conexión a la base de datos establecida correctamente
[22-Jun-2025 06:25:28 Europe/Berlin] Aplicación iniciando - 2025-06-22 06:25:28
[21-Jun-2025 22:25:28 America/Mexico_City] Ruta solicitada: /usuarios
[21-Jun-2025 22:25:28 America/Mexico_City] Controlador: usuarios, Acción: index
[21-Jun-2025 22:25:28 America/Mexico_City] Conexión a la base de datos establecida correctamente
[2025-06-21 22:25:28] Layout: content="LLENO", ruta="/proyecto-2/usuarios", usuario="AUTENTICADO
[22-Jun-2025 06:25:29 Europe/Berlin] Aplicación iniciando - 2025-06-22 06:25:29
[21-Jun-2025 22:25:29 America/Mexico_City] Ruta solicitada: /usuarios/obtenerUsuarios
[21-Jun-2025 22:25:29 America/Mexico_City] Controlador: usuarios, Acción: obtenerUsuarios
[21-Jun-2025 22:25:29 America/Mexico_City] Conexión a la base de datos establecida correctamente
[21-Jun-2025 22:25:29 America/Mexico_City] SQL obtenerUsuariosPaginados: SELECT u.id_usuario, u.nombre, u.email, u.telefono, u.direccion, u.rol_id, r.nombre as rol_nombre, u.estado 
                    FROM usuarios u 
                    JOIN roles r ON u.rol_id = r.id_rol ORDER BY u.id_usuario DESC LIMIT 0, 10
[21-Jun-2025 22:25:29 America/Mexico_City] Params: Array
(
)

[22-Jun-2025 06:25:30 Europe/Berlin] Aplicación iniciando - 2025-06-22 06:25:30
[21-Jun-2025 22:25:30 America/Mexico_City] Ruta solicitada: /usuarios/cargarFormulario
[21-Jun-2025 22:25:30 America/Mexico_City] Controlador: usuarios, Acción: cargarFormulario
[21-Jun-2025 22:25:30 America/Mexico_City] Conexión a la base de datos establecida correctamente
[22-Jun-2025 06:25:33 Europe/Berlin] Aplicación iniciando - 2025-06-22 06:25:33
[21-Jun-2025 22:25:33 America/Mexico_City] Ruta solicitada: /usuarios/cargarFormulario/6
[21-Jun-2025 22:25:33 America/Mexico_City] Controlador: usuarios, Acción: cargarFormulario
[21-Jun-2025 22:25:33 America/Mexico_City] Conexión a la base de datos establecida correctamente
